Vivado Simulator 2018.3
Copyright 1986-1999, 2001-2018 Xilinx, Inc. All Rights Reserved.
Running: C:/Xilinx/Vivado/2018.3/Vivado/2018.3/bin/unwrapped/win64.o/xelab.exe -wto 76b0a05504484c72b97349f567110450 --incr --debug typical --relax --mt 2 --maxdelay -L xil_defaultlib -L simprims_ver -L secureip --snapshot tb_timing_example_time_synth -transport_int_delays -pulse_r 0 -pulse_int_r 0 -pulse_e 0 -pulse_int_e 0 xil_defaultlib.tb_timing_example xil_defaultlib.glbl -log elaborate.log 
Using 2 slave threads.
Starting static elaboration
Completed static elaboration
Starting simulation data flow analysis
Completed simulation data flow analysis
INFO: [XSIM 43-3451] SDF backannotation process started with SDF file "tb_timing_example_time_synth.sdf", for root module "tb_timing_example/uut".
INFO: [XSIM 43-3452] SDF backannotation was successful for SDF file "tb_timing_example_time_synth.sdf", for root module "tb_timing_example/uut".
Time Resolution for simulation is 1ps
Compiling package std.standard
Compiling package std.textio
Compiling package ieee.std_logic_1164
Compiling package vl.vl_types
Compiling module xil_defaultlib.glbl
Compiling module simprims_ver.BUFG
Compiling module simprims_ver.IBUF
Compiling module simprims_ver.FDCE_default
Compiling module simprims_ver.OBUF
Compiling module xil_defaultlib.timing_example
Compiling architecture behavioral of entity xil_defaultlib.tb_timing_example
Built simulation snapshot tb_timing_example_time_synth
