Copyright 1986-2018 Xilinx, Inc. All Rights Reserved.
-------------------------------------------------------------------------------------------------------
| Tool Version : Vivado v.2018.3 (win64) Build 2405991 Thu Dec  6 23:38:27 MST 2018
| Date         : Fri Nov 28 07:43:38 2025
| Host         : DESKTOP-VEE6H17 running 64-bit major release  (build 9200)
| Command      : report_utilization -file adder_utilization_placed.rpt -pb adder_utilization_placed.pb
| Design       : adder
| Device       : 7vx1140tflg1930-2G
| Design State : Fully Placed
-------------------------------------------------------------------------------------------------------

Utilization Design Information

Table of Contents
-----------------
1. Slice Logic
1.1 Summary of Registers by Type
2. Slice Logic Distribution
3. Memory
4. DSP
5. IO and GT Specific
6. Clocking
7. Specific Feature
8. Primitives
9. Black Boxes
10. Instantiated Netlists
11. SLR Connectivity
12. SLR Connectivity Matrix
13. SLR Slice Logic and Dedicated Block Utilization
14. SLR IO Utilization

1. Slice Logic
--------------

+-------------------------+------+-------+-----------+-------+
|        Site Type        | Used | Fixed | Available | Util% |
+-------------------------+------+-------+-----------+-------+
| Slice LUTs              |   44 |     0 |    712000 | <0.01 |
|   LUT as Logic          |   44 |     0 |    712000 | <0.01 |
|   LUT as Memory         |    0 |     0 |    283200 |  0.00 |
| Slice Registers         |    0 |     0 |   1424000 |  0.00 |
|   Register as Flip Flop |    0 |     0 |   1424000 |  0.00 |
|   Register as Latch     |    0 |     0 |   1424000 |  0.00 |
| F7 Muxes                |    0 |     0 |    437600 |  0.00 |
| F8 Muxes                |    0 |     0 |    218800 |  0.00 |
+-------------------------+------+-------+-----------+-------+


1.1 Summary of Registers by Type
--------------------------------

+-------+--------------+-------------+--------------+
| Total | Clock Enable | Synchronous | Asynchronous |
+-------+--------------+-------------+--------------+
| 0     |            _ |           - |            - |
| 0     |            _ |           - |          Set |
| 0     |            _ |           - |        Reset |
| 0     |            _ |         Set |            - |
| 0     |            _ |       Reset |            - |
| 0     |          Yes |           - |            - |
| 0     |          Yes |           - |          Set |
| 0     |          Yes |           - |        Reset |
| 0     |          Yes |         Set |            - |
| 0     |          Yes |       Reset |            - |
+-------+--------------+-------------+--------------+


2. Slice Logic Distribution
---------------------------

+------------------------------------------+------+-------+-----------+-------+
|                 Site Type                | Used | Fixed | Available | Util% |
+------------------------------------------+------+-------+-----------+-------+
| Slice                                    |   14 |     0 |    218800 | <0.01 |
|   SLICEL                                 |    9 |     0 |           |       |
|   SLICEM                                 |    5 |     0 |           |       |
| LUT as Logic                             |   44 |     0 |    712000 | <0.01 |
|   using O5 output only                   |    0 |       |           |       |
|   using O6 output only                   |   36 |       |           |       |
|   using O5 and O6                        |    8 |       |           |       |
| LUT as Memory                            |    0 |     0 |    283200 |  0.00 |
|   LUT as Distributed RAM                 |    0 |     0 |           |       |
|   LUT as Shift Register                  |    0 |     0 |           |       |
| Slice Registers                          |    0 |     0 |   1424000 |  0.00 |
|   Register driven from within the Slice  |    0 |       |           |       |
|   Register driven from outside the Slice |    0 |       |           |       |
| Unique Control Sets                      |    0 |       |    218800 |  0.00 |
+------------------------------------------+------+-------+-----------+-------+
* Note: Available Control Sets calculated as Slice Registers / 8, Review the Control Sets Report for more information regarding control sets.


3. Memory
---------

+----------------+------+-------+-----------+-------+
|    Site Type   | Used | Fixed | Available | Util% |
+----------------+------+-------+-----------+-------+
| Block RAM Tile |    0 |     0 |      1880 |  0.00 |
|   RAMB36/FIFO* |    0 |     0 |      1880 |  0.00 |
|   RAMB18       |    0 |     0 |      3760 |  0.00 |
+----------------+------+-------+-----------+-------+
* Note: Each Block RAM Tile only has one FIFO logic available and therefore can accommodate only one FIFO36E1 or one FIFO18E1. However, if a FIFO18E1 occupies a Block RAM Tile, that tile can still accommodate a RAMB18E1


4. DSP
------

+-----------+------+-------+-----------+-------+
| Site Type | Used | Fixed | Available | Util% |
+-----------+------+-------+-----------+-------+
| DSPs      |    0 |     0 |      3360 |  0.00 |
+-----------+------+-------+-----------+-------+


5. IO and GT Specific
---------------------

+-----------------------------+------+-------+-----------+-------+
|          Site Type          | Used | Fixed | Available | Util% |
+-----------------------------+------+-------+-----------+-------+
| Bonded IOB                  |   48 |     0 |      1100 |  4.36 |
|   IOB Master Pads           |   23 |       |           |       |
|   IOB Slave Pads            |   24 |       |           |       |
| Bonded IPADs                |    0 |     0 |        74 |  0.00 |
| Bonded OPADs                |    0 |     0 |        48 |  0.00 |
| PHY_CONTROL                 |    0 |     0 |        24 |  0.00 |
| PHASER_REF                  |    0 |     0 |        24 |  0.00 |
| OUT_FIFO                    |    0 |     0 |        96 |  0.00 |
| IN_FIFO                     |    0 |     0 |        96 |  0.00 |
| IDELAYCTRL                  |    0 |     0 |        24 |  0.00 |
| IBUFDS                      |    0 |     0 |      1056 |  0.00 |
| GTHE2_CHANNEL               |    0 |     0 |        24 |  0.00 |
| PHASER_OUT/PHASER_OUT_PHY   |    0 |     0 |        96 |  0.00 |
| PHASER_IN/PHASER_IN_PHY     |    0 |     0 |        96 |  0.00 |
| IDELAYE2/IDELAYE2_FINEDELAY |    0 |     0 |      1200 |  0.00 |
| ODELAYE2/ODELAYE2_FINEDELAY |    0 |     0 |      1200 |  0.00 |
| IBUFDS_GTE2                 |    0 |     0 |        12 |  0.00 |
| ILOGIC                      |    0 |     0 |      1100 |  0.00 |
| OLOGIC                      |    0 |     0 |      1100 |  0.00 |
+-----------------------------+------+-------+-----------+-------+


6. Clocking
-----------

+------------+------+-------+-----------+-------+
|  Site Type | Used | Fixed | Available | Util% |
+------------+------+-------+-----------+-------+
| BUFGCTRL   |    0 |     0 |       128 |  0.00 |
| BUFIO      |    0 |     0 |        96 |  0.00 |
| MMCME2_ADV |    0 |     0 |        24 |  0.00 |
| PLLE2_ADV  |    0 |     0 |        24 |  0.00 |
| BUFMRCE    |    0 |     0 |        48 |  0.00 |
| BUFHCE     |    0 |     0 |       288 |  0.00 |
| BUFR       |    0 |     0 |        96 |  0.00 |
+------------+------+-------+-----------+-------+


7. Specific Feature
-------------------

+-------------+------+-------+-----------+-------+
|  Site Type  | Used | Fixed | Available | Util% |
+-------------+------+-------+-----------+-------+
| BSCANE2     |    0 |     0 |        16 |  0.00 |
| CAPTUREE2   |    0 |     0 |         4 |  0.00 |
| DNA_PORT    |    0 |     0 |         1 |  0.00 |
| EFUSE_USR   |    0 |     0 |         1 |  0.00 |
| FRAME_ECCE2 |    0 |     0 |         4 |  0.00 |
| ICAPE2      |    0 |     0 |         8 |  0.00 |
| PCIE_3_0    |    0 |     0 |         4 |  0.00 |
| STARTUPE2   |    0 |     0 |         4 |  0.00 |
| XADC        |    0 |     0 |         1 |  0.00 |
+-------------+------+-------+-----------+-------+


8. Primitives
-------------

+----------+------+---------------------+
| Ref Name | Used | Functional Category |
+----------+------+---------------------+
| IBUF     |   40 |                  IO |
| LUT6     |   22 |                 LUT |
| LUT5     |   14 |                 LUT |
| LUT3     |    9 |                 LUT |
| OBUF     |    8 |                  IO |
| LUT4     |    5 |                 LUT |
| LUT2     |    2 |                 LUT |
| CARRY4   |    2 |          CarryLogic |
+----------+------+---------------------+


9. Black Boxes
--------------

+----------+------+
| Ref Name | Used |
+----------+------+


10. Instantiated Netlists
-------------------------

+----------+------+
| Ref Name | Used |
+----------+------+


11. SLR Connectivity
--------------------

+----------------------------------+------+-------+-----------+-------+
|                                  | Used | Fixed | Available | Util% |
+----------------------------------+------+-------+-----------+-------+
| SLR3 <-> SLR2                    |    0 |       |     10780 |  0.00 |
|   SLR2 -> SLR3                   |    0 |       |           |  0.00 |
|     Using TX_REG only            |    0 |     0 |           |       |
|     Using RX_REG only            |    0 |     0 |           |       |
|     Using Both TX_REG and RX_REG |    0 |     0 |           |       |
|   SLR3 -> SLR2                   |    0 |       |           |  0.00 |
|     Using TX_REG only            |    0 |     0 |           |       |
|     Using RX_REG only            |    0 |     0 |           |       |
|     Using Both TX_REG and RX_REG |    0 |     0 |           |       |
| SLR2 <-> SLR1                    |    0 |       |     10780 |  0.00 |
|   SLR1 -> SLR2                   |    0 |       |           |  0.00 |
|     Using TX_REG only            |    0 |     0 |           |       |
|     Using RX_REG only            |    0 |     0 |           |       |
|     Using Both TX_REG and RX_REG |    0 |     0 |           |       |
|   SLR2 -> SLR1                   |    0 |       |           |  0.00 |
|     Using TX_REG only            |    0 |     0 |           |       |
|     Using RX_REG only            |    0 |     0 |           |       |
|     Using Both TX_REG and RX_REG |    0 |     0 |           |       |
| SLR1 <-> SLR0                    |    0 |       |     10780 |  0.00 |
|   SLR0 -> SLR1                   |    0 |       |           |  0.00 |
|     Using TX_REG only            |    0 |     0 |           |       |
|     Using RX_REG only            |    0 |     0 |           |       |
|     Using Both TX_REG and RX_REG |    0 |     0 |           |       |
|   SLR1 -> SLR0                   |    0 |       |           |  0.00 |
|     Using TX_REG only            |    0 |     0 |           |       |
|     Using RX_REG only            |    0 |     0 |           |       |
|     Using Both TX_REG and RX_REG |    0 |     0 |           |       |
+----------------------------------+------+-------+-----------+-------+
| Total SLLs Used                  |    0 |       |           |       |
+----------------------------------+------+-------+-----------+-------+


12. SLR Connectivity Matrix
---------------------------

+------+------+------+------+------+
|      | SLR3 | SLR2 | SLR1 | SLR0 |
+------+------+------+------+------+
| SLR3 |    0 |    0 |    0 |    0 |
| SLR2 |    0 |    0 |    0 |    0 |
| SLR1 |    0 |    0 |    0 |    0 |
| SLR0 |    0 |    0 |    0 |    0 |
+------+------+------+------+------+


13. SLR Slice Logic and Dedicated Block Utilization
---------------------------------------------------

+----------------------------+------+------+------+------+--------+--------+--------+--------+
|          Site Type         | SLR0 | SLR1 | SLR2 | SLR3 | SLR0 % | SLR1 % | SLR2 % | SLR3 % |
+----------------------------+------+------+------+------+--------+--------+--------+--------+
| Slice                      |    0 |   14 |    0 |    0 |   0.00 |   0.03 |   0.00 |   0.00 |
|   SLICEL                   |    0 |    9 |    0 |    0 |   0.00 |   0.02 |   0.00 |   0.00 |
|   SLICEM                   |    0 |    5 |    0 |    0 |   0.00 |   0.03 |   0.00 |   0.00 |
| Slice LUTs                 |    0 |   44 |    0 |    0 |   0.00 |   0.02 |   0.00 |   0.00 |
|   LUT as Logic             |    0 |   44 |    0 |    0 |   0.00 |   0.02 |   0.00 |   0.00 |
|   LUT as Memory            |    0 |    0 |    0 |    0 |   0.00 |   0.00 |   0.00 |   0.00 |
|     LUT as Distributed RAM |    0 |    0 |    0 |    0 |   0.00 |   0.00 |   0.00 |   0.00 |
|     LUT as Shift Register  |    0 |    0 |    0 |    0 |   0.00 |   0.00 |   0.00 |   0.00 |
| Slice Registers            |    0 |    0 |    0 |    0 |   0.00 |   0.00 |   0.00 |   0.00 |
| CARRY8                     |    0 |    0 |    0 |    0 |   0.00 |   0.00 |   0.00 |   0.00 |
| F7 Muxes                   |    0 |    0 |    0 |    0 |   0.00 |   0.00 |   0.00 |   0.00 |
| F8 Muxes                   |    0 |    0 |    0 |    0 |   0.00 |   0.00 |   0.00 |   0.00 |
| F9 Muxes                   |    0 |    0 |    0 |    0 |   0.00 |   0.00 |   0.00 |   0.00 |
| Block RAM Tile             |    0 |    0 |    0 |    0 |   0.00 |   0.00 |   0.00 |   0.00 |
|   RAMB36/FIFO              |    0 |    0 |    0 |    0 |   0.00 |   0.00 |   0.00 |   0.00 |
|   RAMB18                   |    0 |    0 |    0 |    0 |   0.00 |   0.00 |   0.00 |   0.00 |
| DSPs                       |    0 |    0 |    0 |    0 |   0.00 |   0.00 |   0.00 |   0.00 |
| PLL                        |    0 |    0 |    0 |    0 |   0.00 |   0.00 |   0.00 |   0.00 |
| MMCM                       |    0 |    0 |    0 |    0 |   0.00 |   0.00 |   0.00 |   0.00 |
| Unique Control Sets        |    0 |    0 |    0 |    0 |   0.00 |   0.00 |   0.00 |   0.00 |
+----------------------------+------+------+------+------+--------+--------+--------+--------+
* Note: Available Control Sets based on Slice Registers / 8


14. SLR IO Utilization
----------------------

+-----------+-------------+---------+--------------+----------+--------------+----------+-----+
| SLR Index | Bonded IOBs | (%)IOBs | Bonded IPADs | (%)IPADs | Bonded OPADs | (%)OPADs | GTs |
+-----------+-------------+---------+--------------+----------+--------------+----------+-----+
| SLR3      |           0 |    0.00 |            0 |     0.00 |            0 |     0.00 |   0 |
| SLR2      |           0 |    0.00 |            0 |     0.00 |            0 |     0.00 |   0 |
| SLR1      |          48 |   16.00 |            0 |     0.00 |            0 |     0.00 |   0 |
| SLR0      |           0 |    0.00 |            0 |     0.00 |            0 |     0.00 |   0 |
+-----------+-------------+---------+--------------+----------+--------------+----------+-----+
| Total     |          48 |         |            0 |          |            0 |          |   0 |
+-----------+-------------+---------+--------------+----------+--------------+----------+-----+


