#-----------------------------------------------------------
# Vivado v2018.3 (64-bit)
# SW Build 2405991 on Thu Dec  6 23:38:27 MST 2018
# IP Build 2404404 on Fri Dec  7 01:43:56 MST 2018
# Start of session at: Sun Nov 16 11:26:41 2025
# Process ID: 10276
# Current directory: D:/general/University/VHDL/tesst
# Command line: vivado.exe -gui_launcher_event rodinguilauncherevent17800 D:\general\University\VHDL\tesst\tesst.xpr
# Log file: D:/general/University/VHDL/tesst/vivado.log
# Journal file: D:/general/University/VHDL/tesst\vivado.jou
#-----------------------------------------------------------
start_gui
open_project D:/general/University/VHDL/tesst/tesst.xpr
INFO: [Project 1-313] Project file moved from 'D:/University/VHDL/tesst' since last save.
Scanning sources...
Finished scanning sources
INFO: [IP_Flow 19-234] Refreshing IP repositories
INFO: [IP_Flow 19-1704] No user IP repositories specified
INFO: [IP_Flow 19-2313] Loaded Vivado IP repository 'C:/Xilinx/Vivado/2018.3/Vivado/2018.3/data/ip'.
open_project: Time (s): cpu = 00:00:12 ; elapsed = 00:00:07 . Memory (MB): peak = 886.652 ; gain = 247.777
update_compile_order -fileset sources_1
exit
INFO: [Common 17-206] Exiting Vivado at Sun Nov 16 11:27:13 2025...
