Vivado Simulator 2018.3
Copyright 1986-1999, 2001-2018 Xilinx, Inc. All Rights Reserved.
Running: C:/Xilinx/Vivado/2018.3/bin/unwrapped/win64.o/xelab.exe -wto 9eebec9491234722893648b2544ca9a9 --incr --debug typical --relax --mt 2 -L xil_defaultlib -L secureip --snapshot tb_mean_behav xil_defaultlib.tb_mean -log elaborate.log 
Using 2 slave threads.
Starting static elaboration
Completed static elaboration
Starting simulation data flow analysis
Completed simulation data flow analysis
Time Resolution for simulation is 1ps
Compiling package std.standard
Compiling package std.textio
Compiling package ieee.std_logic_1164
Compiling package ieee.numeric_std
Compiling architecture behavioral of entity xil_defaultlib.D_FF [d_ff_default]
Compiling architecture behavioral of entity xil_defaultlib.Decoder2x4 [decoder2x4_default]
Compiling architecture behavioral of entity xil_defaultlib.Controller [controller_default]
Compiling architecture behavioral of entity xil_defaultlib.SR_FF [sr_ff_default]
Compiling architecture behavioral of entity xil_defaultlib.AcRegistor [acregistor_default]
Compiling architecture behavioral of entity xil_defaultlib.Adder4bit [adder4bit_default]
Compiling architecture behavioral of entity xil_defaultlib.bit4Register [bit4register_default]
Compiling architecture behavioral of entity xil_defaultlib.UpCounter [upcounter_default]
Compiling architecture behavioral of entity xil_defaultlib.Equal [equal_default]
Compiling architecture behavioral of entity xil_defaultlib.mean [mean_default]
Compiling architecture tb of entity xil_defaultlib.tb_mean
Built simulation snapshot tb_mean_behav
