Vivado Simulator 2018.3
Copyright 1986-1999, 2001-2018 Xilinx, Inc. All Rights Reserved.
Running: C:/Xilinx/Vivado/2018.3/Vivado/2018.3/bin/unwrapped/win64.o/xelab.exe -wto 76b0a05504484c72b97349f567110450 --incr --debug typical --relax --mt 2 -L xil_defaultlib -L secureip --snapshot tb_timing_example_func_synth xil_defaultlib.tb_timing_example -log elaborate.log 
Using 2 slave threads.
Starting static elaboration
Completed static elaboration
Starting simulation data flow analysis
Completed simulation data flow analysis
Time Resolution for simulation is 1ps
Compiling package std.standard
Compiling package std.textio
Compiling package ieee.std_logic_1164
Compiling package ieee.numeric_std
Compiling package unisim.vcomponents
Compiling package ieee.vital_timing
Compiling package ieee.vital_primitives
Compiling package unisim.vpkg
Compiling architecture bufg_v of entity unisim.BUFG [bufg_default]
Compiling architecture ibuf_v of entity unisim.IBUF [\IBUF(1,9)(1,1)(1,4)(1,7)\]
Compiling architecture fdce_v of entity unisim.FDCE [fdce_default]
Compiling architecture obuf_v of entity unisim.OBUF [\OBUF(1,9)(1,7)(1,4)\]
Compiling architecture structure of entity xil_defaultlib.timing_example [timing_example_default]
Compiling architecture behavioral of entity xil_defaultlib.tb_timing_example
Built simulation snapshot tb_timing_example_func_synth
